<?xml version="1.0" encoding="UTF-8"?>
<!-- Generated by org.testng.reporters.JUnitXMLReporter -->
<testsuite ignored="0" hostname="WIN-DNRKP4M9RCN" failures="0" tests="2" name="Surefire test" time="13.382" errors="0" timestamp="2023-04-29T22:04:49 EEST">
  <testcase classname="io.cucumber.testng.AbstractTestNGCucumberTests" name="runScenario" time="12.032"/>
  <testcase classname="io.cucumber.testng.AbstractTestNGCucumberTests" name="runScenario" time="12.759"/>
</testsuite> <!-- Surefire test -->
