<?xml version="1.0" encoding="UTF-8"?>
<!-- Generated by org.testng.reporters.JUnitXMLReporter -->
<testsuite ignored="0" hostname="WIN-DNRKP4M9RCN" failures="0" tests="2" name="Command line test" time="11.284" errors="0" timestamp="2023-04-29T22:15:45 EEST">
  <testcase classname="io.cucumber.testng.AbstractTestNGCucumberTests" name="runScenario" time="7.538"/>
  <testcase classname="io.cucumber.testng.AbstractTestNGCucumberTests" name="runScenario" time="10.567"/>
</testsuite> <!-- Command line test -->
